C:\ALGONQUIN COLLEGE DOCUMENTS\LEVEL 4\COMPILERS\ASS03\ASS03\DEBUG\ASS3.OBJ
C:\ALGONQUIN COLLEGE DOCUMENTS\LEVEL 4\COMPILERS\ASS03\ASS03\DEBUG\VC110.PDB
C:\ALGONQUIN COLLEGE DOCUMENTS\LEVEL 4\COMPILERS\ASS03\DEBUG\ASS03.ILK
C:\ALGONQUIN COLLEGE DOCUMENTS\LEVEL 4\COMPILERS\ASS03\DEBUG\ASS03.EXE
C:\ALGONQUIN COLLEGE DOCUMENTS\LEVEL 4\COMPILERS\ASS03\DEBUG\ASS03.PDB
C:\Algonquin College Documents\Level 4\Compilers\ass03\ass03\Debug\ass3.obj
C:\Algonquin College Documents\Level 4\Compilers\ass03\ass03\Debug\cl.command.1.tlog
C:\Algonquin College Documents\Level 4\Compilers\ass03\ass03\Debug\CL.read.1.tlog
C:\Algonquin College Documents\Level 4\Compilers\ass03\ass03\Debug\CL.write.1.tlog
C:\Algonquin College Documents\Level 4\Compilers\ass03\ass03\Debug\link-cvtres.read.1.tlog
C:\Algonquin College Documents\Level 4\Compilers\ass03\ass03\Debug\link-cvtres.write.1.tlog
C:\Algonquin College Documents\Level 4\Compilers\ass03\ass03\Debug\link-rc.read.1.tlog
C:\Algonquin College Documents\Level 4\Compilers\ass03\ass03\Debug\link-rc.write.1.tlog
C:\Algonquin College Documents\Level 4\Compilers\ass03\ass03\Debug\link.command.1.tlog
C:\Algonquin College Documents\Level 4\Compilers\ass03\ass03\Debug\link.read.1.tlog
C:\Algonquin College Documents\Level 4\Compilers\ass03\ass03\Debug\link.write.1.tlog
C:\Algonquin College Documents\Level 4\Compilers\ass03\ass03\Debug\vc110.idb
C:\Algonquin College Documents\Level 4\Compilers\ass03\ass03\Debug\vc110.pdb
C:\Algonquin College Documents\Level 4\Compilers\ass03\Debug\ass03.pdb
C:\Algonquin College Documents\Level 4\Compilers\ass03\Debug\ass03.exe
C:\Algonquin College Documents\Level 4\Compilers\ass03\Debug\ass03.ilk
